  Application.cpp
D:\VisualCpp\HomebrewGraphicsEngine\HomebrewGraphicsEngine\GlobalInclude.h(22,2): warning C4091: 'static ': ignored on left of 'GlobalVariables' when no variable is declared
D:\VisualCpp\HomebrewGraphicsEngine\HomebrewGraphicsEngine\Application.cpp(113,34): warning C4244: 'argument': conversion from 'double' to 'float', possible loss of data
D:\VisualCpp\HomebrewGraphicsEngine\HomebrewGraphicsEngine\Application.cpp(114,33): warning C4244: 'argument': conversion from 'double' to 'float', possible loss of data
  Callbacks.cpp
D:\VisualCpp\HomebrewGraphicsEngine\HomebrewGraphicsEngine\GlobalInclude.h(22,2): warning C4091: 'static ': ignored on left of 'GlobalVariables' when no variable is declared
D:\VisualCpp\HomebrewGraphicsEngine\HomebrewGraphicsEngine\Callbacks.cpp(102,57): warning C4244: 'argument': conversion from 'double' to 'float', possible loss of data
D:\VisualCpp\HomebrewGraphicsEngine\HomebrewGraphicsEngine\Callbacks.cpp(112,59): warning C4244: '=': conversion from 'double' to 'T', possible loss of data
          with
          [
              T=float
          ]
D:\VisualCpp\HomebrewGraphicsEngine\HomebrewGraphicsEngine\Callbacks.cpp(113,21): warning C4244: '=': conversion from 'double' to 'T', possible loss of data
          with
          [
              T=float
          ]
  Collider.cpp
  ControlAction.cpp
  ControlActionManager.cpp
  CuboidCollider.cpp
  GUI.cpp
D:\VisualCpp\HomebrewGraphicsEngine\HomebrewGraphicsEngine\GlobalInclude.h(22,2): warning C4091: 'static ': ignored on left of 'GlobalVariables' when no variable is declared
  Light.cpp
  Physics.cpp
  Scene.cpp
D:\VisualCpp\HomebrewGraphicsEngine\HomebrewGraphicsEngine\GlobalInclude.h(22,2): warning C4091: 'static ': ignored on left of 'GlobalVariables' when no variable is declared
  SingletonManager.cpp
  SphericalCollider.cpp
  Generating Code...
  HomebrewGraphicsEngine.vcxproj -> D:\VisualCpp\HomebrewGraphicsEngine\x64\Debug\HomebrewGraphicsEngine.exe
