d:\visualcpp\homebrewgraphicsengine\homebrewgraphicsengine\x64\debug\vc143.pdb
d:\visualcpp\homebrewgraphicsengine\homebrewgraphicsengine\x64\debug\vc143.idb
d:\visualcpp\homebrewgraphicsengine\homebrewgraphicsengine\x64\debug\isceneobject.obj
d:\visualcpp\homebrewgraphicsengine\homebrewgraphicsengine\x64\debug\imgui_widgets.obj
d:\visualcpp\homebrewgraphicsengine\homebrewgraphicsengine\x64\debug\imgui_tables.obj
d:\visualcpp\homebrewgraphicsengine\homebrewgraphicsengine\x64\debug\imgui_impl_opengl3.obj
d:\visualcpp\homebrewgraphicsengine\homebrewgraphicsengine\x64\debug\imgui_impl_glfw.obj
d:\visualcpp\homebrewgraphicsengine\homebrewgraphicsengine\x64\debug\imgui_draw.obj
d:\visualcpp\homebrewgraphicsengine\homebrewgraphicsengine\x64\debug\imgui_demo.obj
d:\visualcpp\homebrewgraphicsengine\homebrewgraphicsengine\x64\debug\imgui.obj
d:\visualcpp\homebrewgraphicsengine\homebrewgraphicsengine\x64\debug\gui.obj
d:\visualcpp\homebrewgraphicsengine\homebrewgraphicsengine\x64\debug\globalvariables.obj
d:\visualcpp\homebrewgraphicsengine\homebrewgraphicsengine\x64\debug\fbo.obj
d:\visualcpp\homebrewgraphicsengine\homebrewgraphicsengine\x64\debug\ebo.obj
d:\visualcpp\homebrewgraphicsengine\homebrewgraphicsengine\x64\debug\dualnumber.obj
d:\visualcpp\homebrewgraphicsengine\homebrewgraphicsengine\x64\debug\controlactionmanager.obj
d:\visualcpp\homebrewgraphicsengine\homebrewgraphicsengine\x64\debug\controlaction.obj
d:\visualcpp\homebrewgraphicsengine\homebrewgraphicsengine\x64\debug\camera.obj
d:\visualcpp\homebrewgraphicsengine\homebrewgraphicsengine\x64\debug\callbacks.obj
d:\visualcpp\homebrewgraphicsengine\homebrewgraphicsengine\x64\debug\boundinggeometry.obj
d:\visualcpp\homebrewgraphicsengine\homebrewgraphicsengine\x64\debug\assetfolderpathmanager.obj
d:\visualcpp\homebrewgraphicsengine\homebrewgraphicsengine\x64\debug\animation.obj
d:\visualcpp\homebrewgraphicsengine\homebrewgraphicsengine\x64\debug\voxeldata.obj
d:\visualcpp\homebrewgraphicsengine\homebrewgraphicsengine\x64\debug\vbo.obj
d:\visualcpp\homebrewgraphicsengine\homebrewgraphicsengine\x64\debug\vao.obj
d:\visualcpp\homebrewgraphicsengine\homebrewgraphicsengine\x64\debug\transferfunction.obj
d:\visualcpp\homebrewgraphicsengine\homebrewgraphicsengine\x64\debug\texturecube.obj
d:\visualcpp\homebrewgraphicsengine\homebrewgraphicsengine\x64\debug\texture3d.obj
d:\visualcpp\homebrewgraphicsengine\homebrewgraphicsengine\x64\debug\texture2d.obj
d:\visualcpp\homebrewgraphicsengine\homebrewgraphicsengine\x64\debug\texture1d.obj
d:\visualcpp\homebrewgraphicsengine\homebrewgraphicsengine\x64\debug\testobject.obj
d:\visualcpp\homebrewgraphicsengine\homebrewgraphicsengine\x64\debug\stb.obj
d:\visualcpp\homebrewgraphicsengine\homebrewgraphicsengine\x64\debug\stars.obj
d:\visualcpp\homebrewgraphicsengine\homebrewgraphicsengine\x64\debug\skybox.obj
d:\visualcpp\homebrewgraphicsengine\homebrewgraphicsengine\x64\debug\singletonmanager.obj
d:\visualcpp\homebrewgraphicsengine\homebrewgraphicsengine\x64\debug\shaderprogram.obj
d:\visualcpp\homebrewgraphicsengine\homebrewgraphicsengine\x64\debug\sceneobject.obj
d:\visualcpp\homebrewgraphicsengine\homebrewgraphicsengine\x64\debug\scene.obj
d:\visualcpp\homebrewgraphicsengine\homebrewgraphicsengine\x64\debug\rbo.obj
d:\visualcpp\homebrewgraphicsengine\homebrewgraphicsengine\x64\debug\plane.obj
d:\visualcpp\homebrewgraphicsengine\homebrewgraphicsengine\x64\debug\mesh.obj
d:\visualcpp\homebrewgraphicsengine\homebrewgraphicsengine\x64\debug\application.obj
d:\visualcpp\homebrewgraphicsengine\homebrewgraphicsengine\x64\debug\voxelrenderunit.obj
d:\visualcpp\homebrewgraphicsengine\homebrewgraphicsengine\x64\debug\glad.obj
d:\visualcpp\homebrewgraphicsengine\homebrewgraphicsengine\x64\debug\texture.obj
d:\visualcpp\homebrewgraphicsengine\homebrewgraphicsengine\x64\debug\material.obj
d:\visualcpp\homebrewgraphicsengine\homebrewgraphicsengine\x64\debug\geometry.obj
d:\visualcpp\homebrewgraphicsengine\homebrewgraphicsengine\x64\debug\homebrewgraphicsengine.ilk
d:\visualcpp\homebrewgraphicsengine\x64\debug\homebrewgraphicsengine.exe
d:\visualcpp\homebrewgraphicsengine\x64\debug\homebrewgraphicsengine.pdb
d:\visualcpp\homebrewgraphicsengine\homebrewgraphicsengine\x64\debug\homebrew.0f5bc1b2.tlog\cl.command.1.tlog
d:\visualcpp\homebrewgraphicsengine\homebrewgraphicsengine\x64\debug\homebrew.0f5bc1b2.tlog\cl.read.1.tlog
d:\visualcpp\homebrewgraphicsengine\homebrewgraphicsengine\x64\debug\homebrew.0f5bc1b2.tlog\cl.write.1.tlog
d:\visualcpp\homebrewgraphicsengine\homebrewgraphicsengine\x64\debug\homebrew.0f5bc1b2.tlog\link.command.1.tlog
d:\visualcpp\homebrewgraphicsengine\homebrewgraphicsengine\x64\debug\homebrew.0f5bc1b2.tlog\link.read.1.tlog
d:\visualcpp\homebrewgraphicsengine\homebrewgraphicsengine\x64\debug\homebrew.0f5bc1b2.tlog\link.write.1.tlog
