d:\visualcpp\homebrewgraphicsengine\homebrewgraphicsengine\x64\release\vc143.pdb
d:\visualcpp\homebrewgraphicsengine\homebrewgraphicsengine\x64\release\shaderclass.obj
d:\visualcpp\homebrewgraphicsengine\homebrewgraphicsengine\x64\release\sceneobject.obj
d:\visualcpp\homebrewgraphicsengine\homebrewgraphicsengine\x64\release\scene.obj
d:\visualcpp\homebrewgraphicsengine\homebrewgraphicsengine\x64\release\rbo.obj
d:\visualcpp\homebrewgraphicsengine\homebrewgraphicsengine\x64\release\plane.obj
d:\visualcpp\homebrewgraphicsengine\homebrewgraphicsengine\x64\release\mesh.obj
d:\visualcpp\homebrewgraphicsengine\homebrewgraphicsengine\x64\release\main.obj
d:\visualcpp\homebrewgraphicsengine\homebrewgraphicsengine\x64\release\isceneobject.obj
d:\visualcpp\homebrewgraphicsengine\homebrewgraphicsengine\x64\release\gui.obj
d:\visualcpp\homebrewgraphicsengine\homebrewgraphicsengine\x64\release\globalvariables.obj
d:\visualcpp\homebrewgraphicsengine\homebrewgraphicsengine\x64\release\fbo.obj
d:\visualcpp\homebrewgraphicsengine\homebrewgraphicsengine\x64\release\ebo.obj
d:\visualcpp\homebrewgraphicsengine\homebrewgraphicsengine\x64\release\dualnumber.obj
d:\visualcpp\homebrewgraphicsengine\homebrewgraphicsengine\x64\release\controlactionmanager.obj
d:\visualcpp\homebrewgraphicsengine\homebrewgraphicsengine\x64\release\controlaction.obj
d:\visualcpp\homebrewgraphicsengine\homebrewgraphicsengine\x64\release\camera.obj
d:\visualcpp\homebrewgraphicsengine\homebrewgraphicsengine\x64\release\callbacks.obj
d:\visualcpp\homebrewgraphicsengine\homebrewgraphicsengine\x64\release\boundinggeometry.obj
d:\visualcpp\homebrewgraphicsengine\homebrewgraphicsengine\x64\release\assetmanager.obj
d:\visualcpp\homebrewgraphicsengine\homebrewgraphicsengine\x64\release\animation.obj
d:\visualcpp\homebrewgraphicsengine\homebrewgraphicsengine\x64\release\voxelrenderunit.obj
d:\visualcpp\homebrewgraphicsengine\homebrewgraphicsengine\x64\release\voxeldata.obj
d:\visualcpp\homebrewgraphicsengine\homebrewgraphicsengine\x64\release\vbo.obj
d:\visualcpp\homebrewgraphicsengine\homebrewgraphicsengine\x64\release\vao.obj
d:\visualcpp\homebrewgraphicsengine\homebrewgraphicsengine\x64\release\transferfunction.obj
d:\visualcpp\homebrewgraphicsengine\homebrewgraphicsengine\x64\release\texturecube.obj
d:\visualcpp\homebrewgraphicsengine\homebrewgraphicsengine\x64\release\texture3d.obj
d:\visualcpp\homebrewgraphicsengine\homebrewgraphicsengine\x64\release\texture2d.obj
d:\visualcpp\homebrewgraphicsengine\homebrewgraphicsengine\x64\release\texture1d.obj
d:\visualcpp\homebrewgraphicsengine\homebrewgraphicsengine\x64\release\testobject.obj
d:\visualcpp\homebrewgraphicsengine\homebrewgraphicsengine\x64\release\stb.obj
d:\visualcpp\homebrewgraphicsengine\homebrewgraphicsengine\x64\release\stars.obj
d:\visualcpp\homebrewgraphicsengine\homebrewgraphicsengine\x64\release\skybox.obj
d:\visualcpp\homebrewgraphicsengine\homebrewgraphicsengine\x64\release\singletonmanager.obj
d:\visualcpp\homebrewgraphicsengine\homebrewgraphicsengine\x64\release\glad.obj
d:\visualcpp\homebrewgraphicsengine\homebrewgraphicsengine\x64\release\homebrew.0f5bc1b2.tlog\cl.command.1.tlog
d:\visualcpp\homebrewgraphicsengine\homebrewgraphicsengine\x64\release\homebrew.0f5bc1b2.tlog\cl.read.1.tlog
d:\visualcpp\homebrewgraphicsengine\homebrewgraphicsengine\x64\release\homebrew.0f5bc1b2.tlog\cl.write.1.tlog
d:\visualcpp\homebrewgraphicsengine\homebrewgraphicsengine\x64\release\homebrew.0f5bc1b2.tlog\link.command.1.tlog
d:\visualcpp\homebrewgraphicsengine\homebrewgraphicsengine\x64\release\homebrew.0f5bc1b2.tlog\link.read.1.tlog
d:\visualcpp\homebrewgraphicsengine\homebrewgraphicsengine\x64\release\homebrew.0f5bc1b2.tlog\link.write.1.tlog
