  SceneFactory.cpp
D:\VisualCpp\HomebrewGraphicsEngine\HomebrewGraphicsEngine\volumetric\VolumeObject.h(80,1): warning C4267: '=': conversion from 'size_t' to 'int', possible loss of data
D:\VisualCpp\HomebrewGraphicsEngine\HomebrewGraphicsEngine\volumetric\VolumeObject.h(253,1): warning C4267: '=': conversion from 'size_t' to 'int', possible loss of data
D:\VisualCpp\HomebrewGraphicsEngine\HomebrewGraphicsEngine\Scene.h(141,15): warning C4834: discarding return value of function with 'nodiscard' attribute
D:\VisualCpp\HomebrewGraphicsEngine\HomebrewGraphicsEngine\fallingSand\particle.h(110,1): warning C4267: 'return': conversion from 'size_t' to 'unsigned int', possible loss of data
D:\VisualCpp\HomebrewGraphicsEngine\HomebrewGraphicsEngine\fallingSand\particle.h(115,11): warning C4018: '<': signed/unsigned mismatch
D:\VisualCpp\HomebrewGraphicsEngine\HomebrewGraphicsEngine\fallingSand\particle.h(116,11): warning C4018: '<': signed/unsigned mismatch
D:\VisualCpp\HomebrewGraphicsEngine\HomebrewGraphicsEngine\fallingSand\particle.h(123,31): warning C4018: '<': signed/unsigned mismatch
D:\VisualCpp\HomebrewGraphicsEngine\HomebrewGraphicsEngine\fallingSand\particle.h(124,32): warning C4018: '<': signed/unsigned mismatch
D:\VisualCpp\HomebrewGraphicsEngine\HomebrewGraphicsEngine\fallingSand\particle.h(139,31): warning C4018: '<': signed/unsigned mismatch
D:\VisualCpp\HomebrewGraphicsEngine\HomebrewGraphicsEngine\fallingSand\particle.h(140,32): warning C4018: '<': signed/unsigned mismatch
D:\VisualCpp\HomebrewGraphicsEngine\HomebrewGraphicsEngine\SceneFactory.cpp(572,14): warning C4244: 'initializing': conversion from 'double' to 'float', possible loss of data
D:\VisualCpp\HomebrewGraphicsEngine\HomebrewGraphicsEngine\SceneFactory.cpp(573,14): warning C4244: 'initializing': conversion from 'double' to 'float', possible loss of data
D:\VisualCpp\HomebrewGraphicsEngine\HomebrewGraphicsEngine\SceneFactory.cpp(604,44): warning C4244: 'argument': conversion from 'float' to 'unsigned int', possible loss of data
D:\VisualCpp\HomebrewGraphicsEngine\HomebrewGraphicsEngine\SceneFactory.cpp(604,37): warning C4244: 'argument': conversion from 'float' to 'unsigned int', possible loss of data
D:\VisualCpp\HomebrewGraphicsEngine\HomebrewGraphicsEngine\SceneFactory.cpp(605,44): warning C4244: 'argument': conversion from 'float' to 'unsigned int', possible loss of data
D:\VisualCpp\HomebrewGraphicsEngine\HomebrewGraphicsEngine\SceneFactory.cpp(605,37): warning C4244: 'argument': conversion from 'float' to 'unsigned int', possible loss of data
D:\VisualCpp\HomebrewGraphicsEngine\HomebrewGraphicsEngine\SceneFactory.cpp(606,44): warning C4244: 'argument': conversion from 'float' to 'unsigned int', possible loss of data
D:\VisualCpp\HomebrewGraphicsEngine\HomebrewGraphicsEngine\SceneFactory.cpp(606,37): warning C4244: 'argument': conversion from 'float' to 'unsigned int', possible loss of data
D:\VisualCpp\HomebrewGraphicsEngine\HomebrewGraphicsEngine\SceneFactory.cpp(607,44): warning C4244: 'argument': conversion from 'float' to 'unsigned int', possible loss of data
D:\VisualCpp\HomebrewGraphicsEngine\HomebrewGraphicsEngine\SceneFactory.cpp(607,37): warning C4244: 'argument': conversion from 'float' to 'unsigned int', possible loss of data
D:\VisualCpp\HomebrewGraphicsEngine\HomebrewGraphicsEngine\SceneFactory.cpp(608,44): warning C4244: 'argument': conversion from 'float' to 'unsigned int', possible loss of data
D:\VisualCpp\HomebrewGraphicsEngine\HomebrewGraphicsEngine\SceneFactory.cpp(608,37): warning C4244: 'argument': conversion from 'float' to 'unsigned int', possible loss of data
D:\VisualCpp\HomebrewGraphicsEngine\HomebrewGraphicsEngine\SceneFactory.cpp(609,44): warning C4244: 'argument': conversion from 'float' to 'unsigned int', possible loss of data
D:\VisualCpp\HomebrewGraphicsEngine\HomebrewGraphicsEngine\SceneFactory.cpp(609,37): warning C4244: 'argument': conversion from 'float' to 'unsigned int', possible loss of data
D:\VisualCpp\HomebrewGraphicsEngine\HomebrewGraphicsEngine\SceneFactory.cpp(610,44): warning C4244: 'argument': conversion from 'float' to 'unsigned int', possible loss of data
D:\VisualCpp\HomebrewGraphicsEngine\HomebrewGraphicsEngine\SceneFactory.cpp(610,37): warning C4244: 'argument': conversion from 'float' to 'unsigned int', possible loss of data
D:\VisualCpp\HomebrewGraphicsEngine\HomebrewGraphicsEngine\SceneFactory.cpp(611,44): warning C4244: 'argument': conversion from 'float' to 'unsigned int', possible loss of data
D:\VisualCpp\HomebrewGraphicsEngine\HomebrewGraphicsEngine\SceneFactory.cpp(611,37): warning C4244: 'argument': conversion from 'float' to 'unsigned int', possible loss of data
D:\VisualCpp\HomebrewGraphicsEngine\HomebrewGraphicsEngine\SceneFactory.cpp(612,44): warning C4244: 'argument': conversion from 'float' to 'unsigned int', possible loss of data
D:\VisualCpp\HomebrewGraphicsEngine\HomebrewGraphicsEngine\SceneFactory.cpp(612,37): warning C4244: 'argument': conversion from 'float' to 'unsigned int', possible loss of data
  glad.c
LINK : fatal error LNK1181: cannot open input file 'glfw3.lib'
